<?xml version="1.0" encoding="UTF-8" ?>
<testsuite tests="3" failures="0" name="bankobjekt.verarbeitung.KontoTest" time="0.196" errors="0" skipped="0">
  <properties>
[...]
</properties>
  <testcase classname="bankobjekt.verarbeitung.KontoTest" name="bankobjekt.verarbeitung.KontoTest.testDispo_BereitsAbgehoben" time="0.193"/>
  <testcase classname="bankobjekt.verarbeitung.KontoTest" name="bankobjekt.verarbeitung.KontoTest.testAbheben" time="0"/>
  <testcase classname="bankobjekt.verarbeitung.KontoTest" name="bankobjekt.verarbeitung.KontoTest.testDurcheinander" time="0.003"/>
</testsuite>